<?xml version="1.0" encoding="UTF-8"?>
<!-- Generated by org.testng.reporters.JUnitReportReporter -->
<testsuite hostname="LAPTOP-QL76SAI4" failures="0" tests="2" name="selenium.test.TestClass" time="0.008" errors="0" timestamp="2023-06-06T12:59:21 IST" skipped="0">
  <testcase classname="selenium.test.TestClass" name="test1" time="0.007"/>
  <system-out/>
  <testcase classname="selenium.test.TestClass" name="test2" time="0.001"/>
  <system-out/>
</testsuite> <!-- selenium.test.TestClass -->
