<?xml version="1.0" encoding="UTF-8"?>
<!-- Generated by org.testng.reporters.JUnitReportReporter -->
<testsuite hostname="LAPTOP-QL76SAI4" failures="0" tests="1" name="selenium.test.TestClass2" time="0.010" errors="0" timestamp="2023-06-07T22:31:19 IST" skipped="0">
  <testcase classname="selenium.test.TestClass2" name="testMethod2" time="0.010"/>
  <system-out/>
</testsuite> <!-- selenium.test.TestClass2 -->
