<?xml version="1.0" encoding="UTF-8"?>
<!-- Generated by org.testng.reporters.JUnitReportReporter -->
<testsuite hostname="LAPTOP-QL76SAI4" failures="0" tests="3" name="selenium.test.TestClass1" time="0.009" errors="0" timestamp="2023-06-05T20:06:00 IST" skipped="0">
  <testcase classname="selenium.test.TestClass1" name="testCase1" time="0.001"/>
  <system-out/>
  <testcase classname="selenium.test.TestClass1" name="testCase1" time="0.006"/>
  <system-out/>
  <testcase classname="selenium.test.TestClass1" name="testCase1" time="0.002"/>
  <system-out/>
</testsuite> <!-- selenium.test.TestClass1 -->
