<?xml version="1.0" encoding="UTF-8"?>
<!-- Generated by org.testng.reporters.JUnitReportReporter -->
<testsuite hostname="LAPTOP-QL76SAI4" failures="0" tests="30" name="selenium.test.TestNGParallelDependent" time="0.089" errors="0" timestamp="2023-06-06T15:25:59 IST" skipped="0">
  <testcase classname="selenium.test.TestNGParallelDependent" name="testE" time="0.001"/>
  <system-out/>
  <testcase classname="selenium.test.TestNGParallelDependent" name="testA" time="0.003"/>
  <system-out/>
  <testcase classname="selenium.test.TestNGParallelDependent" name="testI" time="0.001"/>
  <system-out/>
  <testcase classname="selenium.test.TestNGParallelDependent" name="testH" time="0.002"/>
  <system-out/>
  <testcase classname="selenium.test.TestNGParallelDependent" name="testA" time="0.005"/>
  <system-out/>
  <testcase classname="selenium.test.TestNGParallelDependent" name="testH" time="0.001"/>
  <system-out/>
  <testcase classname="selenium.test.TestNGParallelDependent" name="testE" time="0.002"/>
  <system-out/>
  <testcase classname="selenium.test.TestNGParallelDependent" name="testG" time="0.001"/>
  <system-out/>
  <testcase classname="selenium.test.TestNGParallelDependent" name="testC" time="0.005"/>
  <system-out/>
  <testcase classname="selenium.test.TestNGParallelDependent" name="testJ" time="0.002"/>
  <system-out/>
  <testcase classname="selenium.test.TestNGParallelDependent" name="testI" time="0.001"/>
  <system-out/>
  <testcase classname="selenium.test.TestNGParallelDependent" name="testI" time="0.001"/>
  <system-out/>
  <testcase classname="selenium.test.TestNGParallelDependent" name="testD" time="0.004"/>
  <system-out/>
  <testcase classname="selenium.test.TestNGParallelDependent" name="testB" time="0.005"/>
  <system-out/>
  <testcase classname="selenium.test.TestNGParallelDependent" name="testF" time="0.001"/>
  <system-out/>
  <testcase classname="selenium.test.TestNGParallelDependent" name="testB" time="0.003"/>
  <system-out/>
  <testcase classname="selenium.test.TestNGParallelDependent" name="testE" time="0.001"/>
  <system-out/>
  <testcase classname="selenium.test.TestNGParallelDependent" name="testA" time="0.025"/>
  <system-out/>
  <testcase classname="selenium.test.TestNGParallelDependent" name="testG" time="0.001"/>
  <system-out/>
  <testcase classname="selenium.test.TestNGParallelDependent" name="testJ" time="0.002"/>
  <system-out/>
  <testcase classname="selenium.test.TestNGParallelDependent" name="testH" time="0.001"/>
  <system-out/>
  <testcase classname="selenium.test.TestNGParallelDependent" name="testC" time="0.004"/>
  <system-out/>
  <testcase classname="selenium.test.TestNGParallelDependent" name="testD" time="0.003"/>
  <system-out/>
  <testcase classname="selenium.test.TestNGParallelDependent" name="testD" time="0.002"/>
  <system-out/>
  <testcase classname="selenium.test.TestNGParallelDependent" name="testF" time="0.002"/>
  <system-out/>
  <testcase classname="selenium.test.TestNGParallelDependent" name="testJ" time="0.001"/>
  <system-out/>
  <testcase classname="selenium.test.TestNGParallelDependent" name="testC" time="0.004"/>
  <system-out/>
  <testcase classname="selenium.test.TestNGParallelDependent" name="testG" time="0.001"/>
  <system-out/>
  <testcase classname="selenium.test.TestNGParallelDependent" name="testF" time="0.001"/>
  <system-out/>
  <testcase classname="selenium.test.TestNGParallelDependent" name="testB" time="0.003"/>
  <system-out/>
</testsuite> <!-- selenium.test.TestNGParallelDependent -->
